[2023-02-01 11:23:57,783] multiqc                                            [DEBUG  ]  This is MultiQC v1.14
[2023-02-01 11:23:57,895] multiqc                                            [DEBUG  ]  Loading config settings from: /suffolk/WorkGenomicsH/mn367/Projects/MBU_Jelle/MBU_jv361_001/nf_dir2/qc//multiqc_config.yaml
[2023-02-01 11:23:57,896] multiqc                                            [DEBUG  ]  New config: {'report_header_info': [{'Pipeline:': 'Malwina Prater'}, {'Analysis by:': 'Malwina Prater'}, {'Contact E-mail:': 'mn367@mrc-mbu.cam.ac.uk'}, {'Application Type:': 'scRNA-seq + scATAC-seq'}, {'Project Type:': '10x multiOme'}, {'Sequencing Platform:': 'Illumina'}, {'Sequencing Setup:': 'standard'}], 'title': 'Project ID ::: MBU_jv361_001', 'subtitle': 'Mitochondrial biology Unit, MRC, University of Cambridge', 'intro_text': 'Pipeline created by Malwina Prater, MBU Bioinformatics', 'fn_ignore_files': ['*lostreads*', '*I1*', '*I2*'], 'fn_ignore_dirs': ['work', 'SC_ATAC_GEX_COUNTER_CS'], 'fn_ignore_paths': ['*/outs/SC_ATAC_GEX_COUNTER_CS/*', 'qc/atac/*R2*', '*/qc/atac/*R2*', '*/atac/*R2*'], 'fn_clean_exts': ['.gz', '.fastq'], 'exclude_modules': ['snippy'], 'custom_logo': '/suffolk/WorkGenomicsE/mn367/Logo/LOGO_MRC_MBU_Cambridge_RGB.png', 'custom_logo_url': 'http://www.mrc-mbu.cam.ac.uk/', 'custom_logo_title': 'MRC Mitochondrial Biology Unit, University of Cambridge', 'use_filename_as_sample_name': ['qualimap'], 'top_modules': ['cellranger']}
[2023-02-01 11:23:57,896] multiqc                                            [DEBUG  ]  Added to filename clean trimmings: [['/suffolk/WorkGenomicsH/mn367/Projects/MBU_Jelle/MBU_jv361_001/nf_dir2/']]
[2023-02-01 11:23:57,896] multiqc                                            [DEBUG  ]  Command used: /usr/mbu/software/anaconda3/envs/multiqc/bin/multiqc -f --outdir /suffolk/WorkGenomicsH/mn367/Projects/MBU_Jelle/MBU_jv361_001/nf_dir2/qc//multiqc -n MBU_jv361_001_sc-multiome-10x_summary_multiqc_report.html -c /suffolk/WorkGenomicsH/mn367/Projects/MBU_Jelle/MBU_jv361_001/nf_dir2/qc//multiqc_config.yaml -d /suffolk/WorkGenomicsH/mn367/Projects/MBU_Jelle/MBU_jv361_001/nf_dir2/qc/ /suffolk/WorkGenomicsH/mn367/Projects/MBU_Jelle/MBU_jv361_001/nf_dir2/count/ /suffolk/WorkGenomicsH/mn367/Projects/MBU_Jelle/MBU_jv361_001/nf_dir2/fastq/ /suffolk/WorkGenomicsH/mn367/Projects/MBU_Jelle/MBU_jv361_001/nf_dir2//summaries/web-summaries/
[2023-02-01 11:24:00,612] multiqc                                            [DEBUG  ]  Latest MultiQC version is v1.14
[2023-02-01 11:24:00,612] multiqc                                            [DEBUG  ]  Working dir : /nfs4/suffolk/WorkGenomicsH/mn367/Projects/MBU_Jelle/MBU_jv361_001/nf_dir2/work/d6/8eae4ed57096e0256e5fa24ca7d7e5
[2023-02-01 11:24:00,612] multiqc                                            [DEBUG  ]  Template    : default
[2023-02-01 11:24:00,613] multiqc                                            [DEBUG  ]  Running Python 3.10.4 | packaged by conda-forge | (main, Mar 24 2022, 17:38:57) [GCC 10.3.0]
[2023-02-01 11:24:00,613] multiqc                                            [INFO   ]  Report title: Project ID ::: MBU_jv361_001
[2023-02-01 11:24:00,613] multiqc                                            [INFO   ]  Prepending directory to sample names
[2023-02-01 11:24:00,613] multiqc                                            [INFO   ]  Excluding modules 'snippy'
[2023-02-01 11:24:00,613] multiqc                                            [DEBUG  ]  Analysing modules: cellranger, custom_content, ccs, ngsderive, purple, conpair, lima, peddy, somalier, methylQA, mosdepth, phantompeakqualtools, qualimap, preseq, hifiasm, quast, qorts, rna_seqc, rockhopper, rsem, rseqc, busco, bustools, goleft_indexcov, gffcompare, disambiguate, supernova, deeptools, sargasso, verifybamid, mirtrace, happy, mirtop, sambamba, gopeaks, homer, hops, macs2, theta2, snpeff, gatk, htseq, bcftools, featureCounts, fgbio, dragen, dragen_fastqc, dedup, pbmarkdup, damageprofiler, biobambam2, jcvi, mtnucratio, picard, vep, sentieon, prokka, qc3C, nanostat, samblaster, samtools, sexdeterrmine, eigenstratdatabasetools, bamtools, jellyfish, vcftools, longranger, stacks, varscan2, umitools, bbmap, bismark, biscuit, diamond, hicexplorer, hicup, hicpro, salmon, kallisto, slamdunk, star, hisat2, tophat, bowtie2, bowtie1, snpsplit, odgi, pangolin, nextclade, humid, kat, leehom, adapterRemoval, bbduk, clipandmerge, cutadapt, flexbar, kaiju, kraken, malt, motus, trimmomatic, sickle, skewer, sortmerna, biobloomtools, fastq_screen, afterqc, fastp, fastqc, filtlong, prinseqplusplus, pychopper, porechop, pycoqc, minionqc, anglerfish, multivcfanalyzer, clusterflow, checkqc, bcl2fastq, bclconvert, interop, ivar, flash, seqyclean, optitype, whatshap
[2023-02-01 11:24:00,613] multiqc                                            [DEBUG  ]  Using temporary directory for creating report: /tmp/tmpnrhit78g
[2023-02-01 11:24:06,647] multiqc                                            [INFO   ]  Search path : /suffolk/WorkGenomicsH/mn367/Projects/MBU_Jelle/MBU_jv361_001/nf_dir2/qc
[2023-02-01 11:24:06,647] multiqc                                            [INFO   ]  Search path : /suffolk/WorkGenomicsH/mn367/Projects/MBU_Jelle/MBU_jv361_001/nf_dir2/count
[2023-02-01 11:24:06,647] multiqc                                            [INFO   ]  Search path : /suffolk/WorkGenomicsH/mn367/Projects/MBU_Jelle/MBU_jv361_001/nf_dir2/fastq
[2023-02-01 11:24:06,647] multiqc                                            [INFO   ]  Search path : /suffolk/WorkGenomicsH/mn367/Projects/MBU_Jelle/MBU_jv361_001/nf_dir2/summaries/web-summaries
[2023-02-01 11:24:06,651] multiqc                                            [DEBUG  ]  Ignored 2 search patterns as didn't match running modules.
[2023-02-01 11:29:40,509] multiqc                                            [DEBUG  ]  Summary of files that were skipped by the search: [skipped_file_contents_search_errors: 3298] // [skipped_module_specific_max_filesize: 1007] // [skipped_no_match: 323] // [skipped_ignore_pattern: 22] // [skipped_directory_fn_ignore_dirs: 2]
[2023-02-01 11:30:05,303] multiqc.plots.bargraph                             [DEBUG  ]  Using matplotlib version 3.5.1
[2023-02-01 11:30:05,484] multiqc.plots.linegraph                            [DEBUG  ]  Using matplotlib version 3.5.1
[2023-02-01 11:30:05,576] multiqc                                            [DEBUG  ]  No samples found: custom_content
[2023-02-01 11:30:06,607] multiqc.modules.qualimap.qualimap                  [INFO   ]  Found 2 RNASeq reports
[2023-02-01 11:30:07,852] multiqc.modules.fastq_screen.fastq_screen          [INFO   ]  Found 7 reports
[2023-02-01 11:30:09,413] multiqc.modules.fastqc.fastqc                      [INFO   ]  Found 8 reports
[2023-02-01 11:30:09,762] multiqc                                            [INFO   ]  Compressing plot data
[2023-02-01 11:30:09,887] multiqc                                            [INFO   ]  Report      : ../../../../../../../../../../../suffolk/WorkGenomicsH/mn367/Projects/MBU_Jelle/MBU_jv361_001/nf_dir2/qc/multiqc/MBU_jv361_001_sc-multiome-10x_summary_multiqc_report.html
[2023-02-01 11:30:09,887] multiqc                                            [INFO   ]  Data        : ../../../../../../../../../../../suffolk/WorkGenomicsH/mn367/Projects/MBU_Jelle/MBU_jv361_001/nf_dir2/qc/multiqc/MBU_jv361_001_sc-multiome-10x_summary_multiqc_report_data
[2023-02-01 11:30:09,887] multiqc                                            [DEBUG  ]  Moving data file from '/tmp/tmpnrhit78g/multiqc_data' to '/suffolk/WorkGenomicsH/mn367/Projects/MBU_Jelle/MBU_jv361_001/nf_dir2/qc//multiqc/MBU_jv361_001_sc-multiome-10x_summary_multiqc_report_data'
[2023-02-01 11:30:15,465] multiqc                                            [INFO   ]  MultiQC complete
