[2023-01-17 20:10:51,403] multiqc                                            [DEBUG  ]  This is MultiQC v1.13
[2023-01-17 20:10:51,425] multiqc                                            [DEBUG  ]  Loading config settings from: /suffolk/WorkGenomicsH/mn367/Projects/MBU_Jelle/MBU_jv361_001/nf_dir3//multiqc_config.yaml
[2023-01-17 20:10:51,473] multiqc                                            [DEBUG  ]  New config: {'report_header_info': [{'Analysis by:': 'Malwina Prater'}, {'Contact E-mail:': 'mn367@mrc-mbu.cam.ac.uk'}, {'Application Type:': 'scRNA-seq + scATAC-seq'}, {'Project Type:': '10x multiOme'}, {'Project Owners:': 'Stephen Burr & Jelle Van Den Ameele'}, {'Sequencing Platform:': 'Illumina '}, {'Sequencing Setup:': 'standard'}], 'title': 'Project ID ::: MBU_jv361_001', 'subtitle': 'Mitochondrial biology Unit, MRC, University of Cambridge', 'intro_text': 'Pipeline created by Malwina Prater, MBU Bioinformatics', 'fn_ignore_files': ['*lostreads*'], 'custom_logo': '/suffolk/WorkGenomicsE/mn367/Logo/LOGO_MRC_MBU_Cambridge_RGB.png', 'custom_logo_url': 'http://www.mrc-mbu.cam.ac.uk/', 'custom_logo_title': 'MRC Mitochondrial Biology Unit, University of Cambridge'}
[2023-01-17 20:10:51,474] multiqc                                            [DEBUG  ]  Command used: /home/mn367/.conda/envs/env_nf/bin/multiqc -f --outdir /suffolk/WorkGenomicsH/mn367/Projects/MBU_Jelle/MBU_jv361_001/nf_dir3/qc//multiqc -n nf_dir3_sc-multiome-10x_summary_multiqc_report.html -c /suffolk/WorkGenomicsH/mn367/Projects/MBU_Jelle/MBU_jv361_001/nf_dir3//multiqc_config.yaml /suffolk/WorkGenomicsH/mn367/Projects/MBU_Jelle/MBU_jv361_001/nf_dir3/
[2023-01-17 20:10:52,593] multiqc                                            [WARNING]  MultiQC Version v1.14 now available!
[2023-01-17 20:10:52,593] multiqc                                            [DEBUG  ]  Working dir : /nfs4/suffolk/WorkGenomicsH/mn367/Projects/MBU_Jelle/MBU_jv361_001/nf_dir3/work/96/8cf0edb6101e34059ddb67d4db0ae0
[2023-01-17 20:10:52,593] multiqc                                            [DEBUG  ]  Template    : default
[2023-01-17 20:10:52,593] multiqc                                            [DEBUG  ]  Running Python 3.11.0 | packaged by conda-forge | (main, Oct 25 2022, 06:24:40) [GCC 10.4.0]
[2023-01-17 20:10:52,593] multiqc                                            [INFO   ]  Report title: Project ID ::: MBU_jv361_001
[2023-01-17 20:10:52,594] multiqc                                            [DEBUG  ]  Analysing modules: custom_content, ccs, ngsderive, purple, conpair, lima, peddy, somalier, methylQA, mosdepth, phantompeakqualtools, qualimap, preseq, quast, qorts, rna_seqc, rockhopper, rsem, rseqc, busco, bustools, goleft_indexcov, gffcompare, disambiguate, supernova, deeptools, sargasso, verifybamid, mirtrace, happy, mirtop, sambamba, homer, hops, macs2, theta2, snpeff, gatk, htseq, bcftools, featureCounts, fgbio, dragen, dedup, pbmarkdup, damageprofiler, biobambam2, jcvi, mtnucratio, picard, vep, sentieon, prokka, qc3C, nanostat, samblaster, samtools, sexdeterrmine, eigenstratdatabasetools, bamtools, jellyfish, vcftools, longranger, stacks, varscan2, snippy, bbmap, bismark, biscuit, hicexplorer, hicup, hicpro, salmon, kallisto, slamdunk, star, hisat2, tophat, bowtie2, bowtie1, snpsplit, odgi, pangolin, kat, leehom, adapterRemoval, clipandmerge, cutadapt, flexbar, kaiju, kraken, malt, trimmomatic, sickle, skewer, sortmerna, biobloomtools, fastq_screen, afterqc, fastp, fastqc, pychopper, pycoqc, minionqc, multivcfanalyzer, clusterflow, checkqc, bcl2fastq, bclconvert, interop, ivar, flash, seqyclean, optitype, whatshap
[2023-01-17 20:10:52,594] multiqc                                            [DEBUG  ]  Using temporary directory for creating report: /tmp/tmp3fdb4ylp
[2023-01-17 20:10:53,203] multiqc                                            [INFO   ]  Search path : /suffolk/WorkGenomicsH/mn367/Projects/MBU_Jelle/MBU_jv361_001/nf_dir3
[2023-01-17 20:20:30,503] multiqc                                            [DEBUG  ]  Summary of files that were skipped by the search: [skipped_module_specific_max_filesize: 16563] // [skipped_file_contents_search_errors: 12873] // [skipped_no_match: 11443] // [skipped_filesize_limit: 166] // [skipped_directory_fn_ignore_dirs: 45] // [skipped_not_a_file: 5]
[2023-01-17 20:20:33,299] multiqc.plots.bargraph                             [DEBUG  ]  Using matplotlib version 3.6.2
[2023-01-17 20:20:33,304] multiqc.plots.linegraph                            [DEBUG  ]  Using matplotlib version 3.6.2
[2023-01-17 20:20:33,312] multiqc                                            [DEBUG  ]  No samples found: custom_content
[2023-01-17 20:20:33,375] multiqc.modules.qualimap.qualimap                  [INFO   ]  Found 1 RNASeq reports
[2023-01-17 20:20:33,618] multiqc.modules.fastqc.fastqc                      [INFO   ]  Found 4 reports
[2023-01-17 20:20:33,703] multiqc                                            [INFO   ]  Compressing plot data
[2023-01-17 20:20:33,798] multiqc                                            [INFO   ]  Report      : ../../../../../../../../../../../suffolk/WorkGenomicsH/mn367/Projects/MBU_Jelle/MBU_jv361_001/nf_dir3/qc/multiqc/nf_dir3_sc-multiome-10x_summary_multiqc_report.html
[2023-01-17 20:20:33,798] multiqc                                            [INFO   ]  Data        : ../../../../../../../../../../../suffolk/WorkGenomicsH/mn367/Projects/MBU_Jelle/MBU_jv361_001/nf_dir3/qc/multiqc/nf_dir3_sc-multiome-10x_summary_multiqc_report_data
[2023-01-17 20:20:33,798] multiqc                                            [DEBUG  ]  Moving data file from '/tmp/tmp3fdb4ylp/multiqc_data' to '/suffolk/WorkGenomicsH/mn367/Projects/MBU_Jelle/MBU_jv361_001/nf_dir3/qc//multiqc/nf_dir3_sc-multiome-10x_summary_multiqc_report_data'
[2023-01-17 20:20:34,243] multiqc                                            [INFO   ]  MultiQC complete
