[2023-01-26 16:38:49,846] multiqc                                            [DEBUG  ]  This is MultiQC v1.13
[2023-01-26 16:38:49,860] multiqc                                            [DEBUG  ]  Loading config settings from: /suffolk/WorkGenomicsH/mn367/Projects/MBU_Jelle/MBU_jv361_001/nf_dir3//multiqc_config.yaml
[2023-01-26 16:38:49,861] multiqc                                            [DEBUG  ]  New config: {'report_header_info': [{'Analysis by:': 'Malwina Prater'}, {'Contact E-mail:': 'mn367@mrc-mbu.cam.ac.uk'}, {'Application Type:': 'scRNA-seq + scATAC-seq'}, {'Project Type:': '10x multiOme'}, {'Project Owners:': 'Stephen Burr & Jelle Van Den Ameele'}, {'Sequencing Platform:': 'Illumina '}, {'Sequencing Setup:': 'standard'}], 'title': 'Project ID ::: MBU_jv361_001', 'subtitle': 'Mitochondrial biology Unit, MRC, University of Cambridge', 'intro_text': 'Pipeline created by Malwina Prater, MBU Bioinformatics', 'fn_ignore_files': ['*lostreads*', 'I1', 'I2'], 'fn_ignore_dirs': ['work', 'SC_ATAC_GEX_COUNTER_CS'], 'fn_ignore_paths': ['count/*/*outs/SC_ATAC_GEX_COUNTER_CS/*'], 'custom_logo': '/suffolk/WorkGenomicsE/mn367/Logo/LOGO_MRC_MBU_Cambridge_RGB.png', 'custom_logo_url': 'http://www.mrc-mbu.cam.ac.uk/', 'custom_logo_title': 'MRC Mitochondrial Biology Unit, University of Cambridge', 'exclude_modules': ['skippy'], 'fn_clean_exts': ['.gz', '.fastq'], 'use_filename_as_sample_name': ['qualimap']}
[2023-01-26 16:38:49,861] multiqc                                            [DEBUG  ]  Command used: /home/mn367/.conda/envs/env_nf/bin/multiqc -f --outdir /suffolk/WorkGenomicsH/mn367/Projects/MBU_Jelle/MBU_jv361_001/nf_dir3/qc//multiqc -n nf_dir3_sc-multiome-10x_summary_multiqc_report.html -c /suffolk/WorkGenomicsH/mn367/Projects/MBU_Jelle/MBU_jv361_001/nf_dir3//multiqc_config.yaml -d /suffolk/WorkGenomicsH/mn367/Projects/MBU_Jelle/MBU_jv361_001/nf_dir3/qc/ /suffolk/WorkGenomicsH/mn367/Projects/MBU_Jelle/MBU_jv361_001/nf_dir3/count/ /suffolk/WorkGenomicsH/mn367/Projects/MBU_Jelle/MBU_jv361_001/nf_dir3/fastq/
[2023-01-26 16:38:50,826] multiqc                                            [WARNING]  MultiQC Version v1.14 now available!
[2023-01-26 16:38:50,827] multiqc                                            [DEBUG  ]  Working dir : /nfs4/suffolk/WorkGenomicsH/mn367/Projects/MBU_Jelle/MBU_jv361_001/nf_dir3/work/80/217fb9e3de466af8711fbb2b296ea1
[2023-01-26 16:38:50,827] multiqc                                            [DEBUG  ]  Template    : default
[2023-01-26 16:38:50,827] multiqc                                            [DEBUG  ]  Running Python 3.11.0 | packaged by conda-forge | (main, Oct 25 2022, 06:24:40) [GCC 10.4.0]
[2023-01-26 16:38:50,827] multiqc                                            [INFO   ]  Report title: Project ID ::: MBU_jv361_001
[2023-01-26 16:38:50,827] multiqc                                            [INFO   ]  Prepending directory to sample names
[2023-01-26 16:38:50,827] multiqc                                            [INFO   ]  Excluding modules 'skippy'
[2023-01-26 16:38:50,827] multiqc                                            [DEBUG  ]  Analysing modules: custom_content, ccs, ngsderive, purple, conpair, lima, peddy, somalier, methylQA, mosdepth, phantompeakqualtools, qualimap, preseq, quast, qorts, rna_seqc, rockhopper, rsem, rseqc, busco, bustools, goleft_indexcov, gffcompare, disambiguate, supernova, deeptools, sargasso, verifybamid, mirtrace, happy, mirtop, sambamba, homer, hops, macs2, theta2, snpeff, gatk, htseq, bcftools, featureCounts, fgbio, dragen, dedup, pbmarkdup, damageprofiler, biobambam2, jcvi, mtnucratio, picard, vep, sentieon, prokka, qc3C, nanostat, samblaster, samtools, sexdeterrmine, eigenstratdatabasetools, bamtools, jellyfish, vcftools, longranger, stacks, varscan2, snippy, bbmap, bismark, biscuit, hicexplorer, hicup, hicpro, salmon, kallisto, slamdunk, star, hisat2, tophat, bowtie2, bowtie1, snpsplit, odgi, pangolin, kat, leehom, adapterRemoval, clipandmerge, cutadapt, flexbar, kaiju, kraken, malt, trimmomatic, sickle, skewer, sortmerna, biobloomtools, fastq_screen, afterqc, fastp, fastqc, pychopper, pycoqc, minionqc, multivcfanalyzer, clusterflow, checkqc, bcl2fastq, bclconvert, interop, ivar, flash, seqyclean, optitype, whatshap
[2023-01-26 16:38:50,828] multiqc                                            [DEBUG  ]  Using temporary directory for creating report: /tmp/tmp2q6u5a86
[2023-01-26 16:38:51,144] multiqc                                            [INFO   ]  Search path : /suffolk/WorkGenomicsH/mn367/Projects/MBU_Jelle/MBU_jv361_001/nf_dir3/qc
[2023-01-26 16:38:51,144] multiqc                                            [INFO   ]  Search path : /suffolk/WorkGenomicsH/mn367/Projects/MBU_Jelle/MBU_jv361_001/nf_dir3/count
[2023-01-26 16:38:51,144] multiqc                                            [INFO   ]  Search path : /suffolk/WorkGenomicsH/mn367/Projects/MBU_Jelle/MBU_jv361_001/nf_dir3/fastq
[2023-01-26 16:39:32,062] multiqc                                            [DEBUG  ]  Summary of files that were skipped by the search: [skipped_file_contents_search_errors: 1498] // [skipped_module_specific_max_filesize: 1141] // [skipped_no_match: 220] // [skipped_filesize_limit: 68] // [skipped_directory_fn_ignore_dirs: 2]
[2023-01-26 16:39:32,843] multiqc.plots.bargraph                             [DEBUG  ]  Using matplotlib version 3.6.2
[2023-01-26 16:39:32,845] multiqc.plots.linegraph                            [DEBUG  ]  Using matplotlib version 3.6.2
[2023-01-26 16:39:32,847] multiqc                                            [DEBUG  ]  No samples found: custom_content
[2023-01-26 16:39:32,870] multiqc.modules.qualimap.qualimap                  [INFO   ]  Found 1 RNASeq reports
[2023-01-26 16:39:32,887] multiqc.modules.snippy.snippy                      [INFO   ]  Found 4 reports
[2023-01-26 16:39:32,888] multiqc.plots.bargraph                             [WARNING]  Tried to make bar plot, but had no data: snippy_variants
[2023-01-26 16:39:32,923] multiqc.modules.fastq_screen.fastq_screen          [INFO   ]  Found 8 reports
[2023-01-26 16:39:33,145] multiqc.modules.fastqc.fastqc                      [INFO   ]  Found 8 reports
[2023-01-26 16:39:33,204] multiqc                                            [INFO   ]  Compressing plot data
[2023-01-26 16:39:33,274] multiqc                                            [WARNING]  Deleting    : ../../../../../../../../../../../suffolk/WorkGenomicsH/mn367/Projects/MBU_Jelle/MBU_jv361_001/nf_dir3/qc/multiqc/nf_dir3_sc-multiome-10x_summary_multiqc_report.html   (-f was specified)
[2023-01-26 16:39:33,289] multiqc                                            [WARNING]  Deleting    : ../../../../../../../../../../../suffolk/WorkGenomicsH/mn367/Projects/MBU_Jelle/MBU_jv361_001/nf_dir3/qc/multiqc/nf_dir3_sc-multiome-10x_summary_multiqc_report_data   (-f was specified)
[2023-01-26 16:39:33,293] multiqc                                            [INFO   ]  Report      : ../../../../../../../../../../../suffolk/WorkGenomicsH/mn367/Projects/MBU_Jelle/MBU_jv361_001/nf_dir3/qc/multiqc/nf_dir3_sc-multiome-10x_summary_multiqc_report.html
[2023-01-26 16:39:33,293] multiqc                                            [INFO   ]  Data        : ../../../../../../../../../../../suffolk/WorkGenomicsH/mn367/Projects/MBU_Jelle/MBU_jv361_001/nf_dir3/qc/multiqc/nf_dir3_sc-multiome-10x_summary_multiqc_report_data
[2023-01-26 16:39:33,293] multiqc                                            [DEBUG  ]  Moving data file from '/tmp/tmp2q6u5a86/multiqc_data' to '/suffolk/WorkGenomicsH/mn367/Projects/MBU_Jelle/MBU_jv361_001/nf_dir3/qc//multiqc/nf_dir3_sc-multiome-10x_summary_multiqc_report_data'
[2023-01-26 16:39:33,466] multiqc                                            [INFO   ]  MultiQC complete
